Log file open, 10/29/17 15:48:18
LogWindows: LoadLibraryWithSearchPaths failed for file aqProf.dll. GetLastError=0
LogWindows: LoadLibraryWithSearchPaths failed for file VtuneApi.dll. GetLastError=0
LogWindows: LoadLibraryWithSearchPaths failed for file VtuneApi32e.dll. GetLastError=0
LogInit: Display: Running engine for game: 我的项目
LogPlatformFile: Not using cached read wrapper
LogInit: Display: RandInit(-1948593665) SRandInit(-1948593665).
LogTaskGraph: Started task graph with 5 named threads and 14 total threads with 3 sets of task threads.
LogStats: Stats thread started at 0.176177
LogD3D11RHI: Aftermath initialized
LogPluginManager: Mounting plugin Paper2D
LogPluginManager: Mounting plugin LightPropagationVolume
LogPluginManager: Mounting plugin CodeLiteSourceCodeAccess
LogPluginManager: Mounting plugin GitSourceControl
LogPluginManager: Mounting plugin KDevelopSourceCodeAccess
LogPluginManager: Mounting plugin NullSourceCodeAccess
LogPluginManager: Mounting plugin PerforceSourceControl
LogPluginManager: Mounting plugin SubversionSourceControl
LogPluginManager: Mounting plugin UObjectPlugin
LogPluginManager: Mounting plugin VisualStudioSourceCodeAccess
LogPluginManager: Mounting plugin XCodeSourceCodeAccess
LogPluginManager: Mounting plugin AssetManagerEditor
LogPluginManager: Mounting plugin AudioCapture
LogPluginManager: Mounting plugin FacialAnimation
LogPluginManager: Mounting plugin GameplayTagsEditor
LogPluginManager: Mounting plugin MobileLauncherProfileWizard
LogPluginManager: Mounting plugin PluginBrowser
LogPluginManager: Mounting plugin SpeedTreeImporter
LogPluginManager: Mounting plugin AlembicImporter
LogPluginManager: Mounting plugin CharacterAI
LogPluginManager: Mounting plugin HTML5Networking
LogPluginManager: Mounting plugin AndroidMedia
LogPluginManager: Mounting plugin AvfMedia
LogPluginManager: Mounting plugin MediaPlayerEditor
LogPluginManager: Mounting plugin WmfMedia
LogPluginManager: Mounting plugin TcpMessaging
LogPluginManager: Mounting plugin UdpMessaging
LogPluginManager: Mounting plugin LevelSequenceEditor
LogPluginManager: Mounting plugin MatineeToLevelSequence
LogPluginManager: Mounting plugin OnlineSubsystemGooglePlay
LogPluginManager: Mounting plugin OnlineSubsystemIOS
LogPluginManager: Mounting plugin OnlineSubsystem
LogPluginManager: Mounting plugin OnlineSubsystemNull
LogPluginManager: Mounting plugin OnlineSubsystemUtils
LogPluginManager: Mounting plugin AndroidDeviceProfileSelector
LogPluginManager: Mounting plugin AndroidMoviePlayer
LogPluginManager: Mounting plugin AndroidPermission
LogPluginManager: Mounting plugin AppleMoviePlayer
LogPluginManager: Mounting plugin ArchVisCharacter
LogPluginManager: Mounting plugin CableComponent
LogPluginManager: Mounting plugin CustomMeshComponent
LogPluginManager: Mounting plugin ExampleDeviceProfileSelector
LogPluginManager: Mounting plugin GoogleCloudMessaging
LogPluginManager: Mounting plugin ImmediatePhysics
LogPluginManager: Mounting plugin IOSDeviceProfileSelector
LogPluginManager: Mounting plugin LinuxDeviceProfileSelector
LogPluginManager: Mounting plugin LocationServicesBPLibrary
LogPluginManager: Mounting plugin MobilePatchingUtils
LogPluginManager: Mounting plugin OculusVR
LogPluginManager: Mounting plugin PhysXVehicles
LogPluginManager: Mounting plugin ProceduralMeshComponent
LogPluginManager: Mounting plugin RuntimePhysXCooking
LogPluginManager: Mounting plugin SteamVR
LogPluginManager: Mounting plugin WindowsMoviePlayer
LogInit: Using libcurl 7.47.1
LogInit:  - built for x86_64-pc-win32
LogInit:  - supports SSL with OpenSSL/1.0.2g
LogInit:  - supports HTTP deflate (compression) using libz 1.2.8
LogInit:  - other features:
LogInit:      CURL_VERSION_SSL
LogInit:      CURL_VERSION_LIBZ
LogInit:      CURL_VERSION_IPV6
LogInit:      CURL_VERSION_ASYNCHDNS
LogInit:      CURL_VERSION_LARGEFILE
LogInit:      CURL_VERSION_IDN
LogInit:  CurlRequestOptions (configurable via config and command line):
LogInit:  - bVerifyPeer = false  - Libcurl will NOT verify peer certificate
LogInit:  - bUseHttpProxy = false  - Libcurl will NOT use HTTP proxy
LogInit:  - bDontReuseConnections = false  - Libcurl will reuse connections
LogInit:  - CertBundlePath = nullptr  - Libcurl will use whatever was configured at build time.
LogInit: Build: ++UE4+Release-4.17-CL-3586342
LogInit: Engine Version: 4.17.1-3586342+++UE4+Release-4.17
LogInit: Compatible Engine Version: 4.17.0-3573198+++UE4+Release-4.17
LogInit: Net CL: 3573198
LogDevObjectVersion: Number of dev versions registered: 16
LogDevObjectVersion:   Dev-Blueprints (B0D832E4-1F89-4F0D-ACCF-7EB736FD4AA2): 10
LogDevObjectVersion:   Dev-Build (E1C64328-A22C-4D53-A36C-8E866417BD8C): 0
LogDevObjectVersion:   Dev-Core (375EC13C-06E4-48FB-B500-84F0262A717E): 2
LogDevObjectVersion:   Dev-Editor (E4B068ED-F494-42E9-A231-DA0B2E46BB41): 20
LogDevObjectVersion:   Dev-Framework (CFFC743F-43B0-4480-9391-14DF171D2073): 28
LogDevObjectVersion:   Dev-Mobile (B02B49B5-BB20-44E9-A304-32B752E40360): 0
LogDevObjectVersion:   Dev-Networking (A4E4105C-59A1-49B5-A7C5-40C4547EDFEE): 0
LogDevObjectVersion:   Dev-Online (39C831C9-5AE6-47DC-9A44-9C173E1C8E7C): 0
LogDevObjectVersion:   Dev-Physics (78F01B33-EBEA-4F98-B9B4-84EACCB95AA2): 0
LogDevObjectVersion:   Dev-Platform (6631380F-2D4D-43E0-8009-CF276956A95A): 0
LogDevObjectVersion:   Dev-Rendering (12F88B9F-8875-4AFC-A67C-D90C383ABD29): 19
LogDevObjectVersion:   Dev-Sequencer (7B5AE74C-D270-4C10-A958-57980B212A5A): 4
LogDevObjectVersion:   Dev-VR (D7296918-1DD6-4BDD-9DE2-64A83CC13884): 0
LogDevObjectVersion:   Dev-LoadTimes (C2A15278-BFE7-4AFE-6C17-90FF531DF755): 1
LogDevObjectVersion:   Private-Geometry (6EACA3D4-40EC-4CC1-B786-8BED09428FC5): 1
LogDevObjectVersion:   Dev-AnimPhys (29E575DD-E0A3-4627-9D10-D276232CDCEA): 7
LogInit: Compiled (64-bit): Aug 15 2017 02:05:26
LogInit: Compiled with Visual C++: 19.00.24215.01
LogInit: Build Configuration: Development
LogInit: Branch Name: ++UE4+Release-4.17
LogInit: Command line:  
LogInit: Base directory: C:/Program Files/Epic Games/UE_4.17/Engine/Binaries/Win64/
LogInit: Installed Engine Build: 1
LogInit: Presizing for max 8388607 objects, including 0 objects not considered by GC, pre-allocating 0 bytes for permanent pool.
LogInit: Object subsystem initialized
[2017.10.29-07.48.19:256][  0]LogInit: Selected Device Profile: [Windows]
[2017.10.29-07.48.19:256][  0]LogInit: Applying CVar settings loaded from the selected device profile: [Windows]
[2017.10.29-07.48.19:263][  0]LogInit: Computer: PC-20150726KRAS
[2017.10.29-07.48.19:263][  0]LogInit: User: miflyc
[2017.10.29-07.48.19:263][  0]LogInit: CPU Page size=4096, Cores=4
[2017.10.29-07.48.19:263][  0]LogInit: High frequency timer resolution =2.435765 MHz
[2017.10.29-07.48.19:263][  0]LogMemory: Memory total: Physical=15.9GB (16GB approx)
[2017.10.29-07.48.19:263][  0]LogMemory: Platform Memory Stats for Windows
[2017.10.29-07.48.19:263][  0]LogMemory: Process Physical Memory: 277.62 MB used, 277.62 MB peak
[2017.10.29-07.48.19:263][  0]LogMemory: Process Virtual Memory: 274.21 MB used, 274.21 MB peak
[2017.10.29-07.48.19:263][  0]LogMemory: Physical Memory: 4610.98 MB used,  11689.11 MB free, 16300.08 MB total
[2017.10.29-07.48.19:263][  0]LogMemory: Virtual Memory: 673.33 MB used,  11689.11 MB free, 134217728.00 MB total
[2017.10.29-07.48.19:996][  0]LogInit: Using OS detected language (zh-CN).
[2017.10.29-07.48.19:996][  0]LogInit: Using OS detected locale (zh-CN).
[2017.10.29-07.48.20:387][  0]LogD3D11RHI: D3D11 adapters:
[2017.10.29-07.48.20:430][  0]LogD3D11RHI:    0. 'NVIDIA GeForce GTX 970M' (Feature Level 11_0)
[2017.10.29-07.48.20:430][  0]LogD3D11RHI:       6106/0/8150 MB DedicatedVideo/DedicatedSystem/SharedSystem, Outputs:2, VendorId:0x10de
[2017.10.29-07.48.20:435][  0]LogD3D11RHI:    1. 'Intel(R) HD Graphics 4600' (Feature Level 11_0)
[2017.10.29-07.48.20:436][  0]LogD3D11RHI:       112/0/2048 MB DedicatedVideo/DedicatedSystem/SharedSystem, Outputs:0, VendorId:0x8086
[2017.10.29-07.48.20:437][  0]LogD3D11RHI:    2. 'Microsoft Basic Render Driver' (Feature Level 11_0)
[2017.10.29-07.48.20:437][  0]LogD3D11RHI:       0/0/8150 MB DedicatedVideo/DedicatedSystem/SharedSystem, Outputs:0, VendorId:0x1414
[2017.10.29-07.48.20:437][  0]LogD3D11RHI: Chosen D3D11 Adapter: 0
[2017.10.29-07.48.20:443][  0]LogD3D11RHI: Creating new Direct3DDevice
[2017.10.29-07.48.20:443][  0]LogD3D11RHI:     GPU DeviceId: 0x13d8 (for the marketing name, search the web for "GPU Device Id")
[2017.10.29-07.48.20:443][  0]LogWindows: EnumDisplayDevices:
[2017.10.29-07.48.20:443][  0]LogWindows:    0. 'Intel(R) HD Graphics 4600' (P:0 D:1)
[2017.10.29-07.48.20:444][  0]LogWindows:    1. 'Intel(R) HD Graphics 4600' (P:1 D:1)
[2017.10.29-07.48.20:444][  0]LogWindows:    2. 'Intel(R) HD Graphics 4600' (P:0 D:0)
[2017.10.29-07.48.20:444][  0]LogWindows: DebugString: PrimaryIsNotTheChoosenAdapter PrimaryIsNotTheChoosenAdapter PrimaryIsNotTheChoosenAdapter FoundDriverCount:0 
[2017.10.29-07.48.20:444][  0]LogD3D11RHI:     Adapter Name: NVIDIA GeForce GTX 970M
[2017.10.29-07.48.20:444][  0]LogD3D11RHI:   Driver Version: Unknown (internal:Unknown, unified:Unknown)
[2017.10.29-07.48.20:444][  0]LogD3D11RHI:      Driver Date: Unknown
[2017.10.29-07.48.20:444][  0]LogRHI: Texture pool is 1361 MB (70% of 1945 MB)
[2017.10.29-07.48.20:473][  0]LogD3D11RHI: Async texture creation enabled
[2017.10.29-07.48.20:484][  0]LogD3D11RHI: GPU Timing Frequency: 1000.000000 (Debug: 2 1)
[2017.10.29-07.48.20:485][  0]LogShaderCompilers: Guid format shader working directory is 28 characters bigger than the processId version (E:/VR动画/我的项目/vr animation/Intermediate/Shaders/WorkingDirectory/16740/).
[2017.10.29-07.48.20:485][  0]LogShaderCompilers: Cleaned the shader compiler working directory 'C:/Users/Administrator/AppData/Local/Temp/UnrealShaderWorkingDir/1A99E6C54C0C6F1781D7459B2936A956/'.
[2017.10.29-07.48.20:485][  0]LogShaderCompilers: Display: Using Local Shader Compiler.
[2017.10.29-07.48.21:758][  0]LogTemp: Display: Loaded TP AllDesktopTargetPlatform
[2017.10.29-07.48.21:816][  0]LogTemp: Display: Loaded TP MacClientTargetPlatform
[2017.10.29-07.48.21:874][  0]LogTemp: Display: Loaded TP MacNoEditorTargetPlatform
[2017.10.29-07.48.21:932][  0]LogTemp: Display: Loaded TP MacServerTargetPlatform
[2017.10.29-07.48.21:989][  0]LogTemp: Display: Loaded TP MacTargetPlatform
[2017.10.29-07.48.22:047][  0]LogTemp: Display: Loaded TP WindowsClientTargetPlatform
[2017.10.29-07.48.22:104][  0]LogTemp: Display: Loaded TP WindowsNoEditorTargetPlatform
[2017.10.29-07.48.22:165][  0]LogTemp: Display: Loaded TP WindowsServerTargetPlatform
[2017.10.29-07.48.22:215][  0]LogTemp: Display: Loaded TP WindowsTargetPlatform
[2017.10.29-07.48.22:271][  0]LogTemp: Display: Loaded TP AndroidTargetPlatform
[2017.10.29-07.48.22:326][  0]LogTemp: Display: Loaded TP Android_ASTCTargetPlatform
[2017.10.29-07.48.22:380][  0]LogTemp: Display: Loaded TP Android_ATCTargetPlatform
[2017.10.29-07.48.22:436][  0]LogTemp: Display: Loaded TP Android_DXTTargetPlatform
[2017.10.29-07.48.22:492][  0]LogTemp: Display: Loaded TP Android_ETC1TargetPlatform
[2017.10.29-07.48.22:548][  0]LogTemp: Display: Loaded TP Android_ETC2TargetPlatform
[2017.10.29-07.48.22:657][  0]LogTemp: Display: Loaded TP Android_MultiTargetPlatform
[2017.10.29-07.48.22:657][  0]LogTemp: Display: Loaded TP Android_PVRTCTargetPlatform
[2017.10.29-07.48.22:702][  0]LogTemp: Display: Loaded TP HTML5TargetPlatform
[2017.10.29-07.48.22:802][  0]LogTemp: Display: Loaded TP IOSTargetPlatform
[2017.10.29-07.48.22:833][  0]LogTemp: Display: Loaded TP TVOSTargetPlatform
[2017.10.29-07.48.22:887][  0]LogTemp: Display: Loaded TP LinuxClientTargetPlatform
[2017.10.29-07.48.22:942][  0]LogTemp: Display: Loaded TP LinuxNoEditorTargetPlatform
[2017.10.29-07.48.22:996][  0]LogTemp: Display: Loaded TP LinuxServerTargetPlatform
[2017.10.29-07.48.23:051][  0]LogTemp: Display: Loaded TP LinuxTargetPlatform
[2017.10.29-07.48.23:051][  0]LogTargetPlatformManager: Display: Building Assets For Windows
[2017.10.29-07.48.23:593][  0]LogDerivedDataCache: Display: Max Cache Size: 512 MB
[2017.10.29-07.48.23:690][  0]LogDerivedDataCache: Loaded boot cache 0.10s 93MB C:/Users/Administrator/AppData/Local/UnrealEngine/4.17/DerivedDataCache/Boot.ddc.
[2017.10.29-07.48.23:690][  0]LogDerivedDataCache: Display: Loaded Boot cache: C:/Users/Administrator/AppData/Local/UnrealEngine/4.17/DerivedDataCache/Boot.ddc
[2017.10.29-07.48.23:690][  0]LogDerivedDataCache: FDerivedDataBackendGraph:  Pak pak cache file E:/VR动画/我的项目/vr animation/DerivedDataCache/DDC.ddp not found, will not use a pak cache.
[2017.10.29-07.48.23:690][  0]LogDerivedDataCache: Unable to find inner node Pak for hierarchical cache Hierarchy.
[2017.10.29-07.48.23:690][  0]LogDerivedDataCache: FDerivedDataBackendGraph:  CompressedPak pak cache file E:/VR动画/我的项目/vr animation/DerivedDataCache/Compressed.ddp not found, will not use a pak cache.
[2017.10.29-07.48.23:690][  0]LogDerivedDataCache: Unable to find inner node CompressedPak for hierarchical cache Hierarchy.
[2017.10.29-07.48.23:706][  0]LogDerivedDataCache: Display: Pak cache opened for reading ../../../Engine/DerivedDataCache/Compressed.ddp.
[2017.10.29-07.48.23:719][  0]LogDerivedDataCache: Using Local data cache path C:/Users/Administrator/AppData/Local/UnrealEngine/Common/DerivedDataCache: Writable
[2017.10.29-07.48.23:729][  0]LogMaterial: Verifying Global Shaders for PCD3D_SM5
[2017.10.29-07.48.23:729][  0]LogSlate: Using Freetype 2.6.0
[2017.10.29-07.48.23:730][  0]LogSlate: SlateFontCache - WITH_FREETYPE: 1, WITH_HARFBUZZ: 1
[2017.10.29-07.48.23:730][  0]LogSlate: SlateFontCache - WITH_FREETYPE: 1, WITH_HARFBUZZ: 1
[2017.10.29-07.48.23:998][  0]LogAssetRegistry: FAssetRegistry took 0.0266 seconds to start up
[2017.10.29-07.48.24:118][  0]LogInit: Selected Device Profile: [Windows]
[2017.10.29-07.48.24:528][  0]LogSimplygon: Simplygon DLL not present - disabling.
[2017.10.29-07.48.24:573][  0]LogMeshReduction: Using SimplygonSwarm for distributed automatic mesh merging
[2017.10.29-07.48.24:573][  0]LogMeshReduction: Using QuadricMeshReduction for automatic static mesh reduction
[2017.10.29-07.48.24:573][  0]LogMeshReduction: No automatic skeletal mesh reduction module available
[2017.10.29-07.48.24:573][  0]LogMeshReduction: No automatic mesh merging module available
[2017.10.29-07.48.24:573][  0]LogMeshMerging: No automatic mesh merging module available
[2017.10.29-07.48.24:590][  0]LogContentStreaming: Texture pool size is 0.00 MB
[2017.10.29-07.48.25:031][  0]LogNetVersion: 我的项目 , NetCL: 3573198, EngineNetVer: 2, GameNetVer: 0 (Checksum: 1800545628)
[2017.10.29-07.48.25:282][  0]LogPackageLocalizationCache: Processed 5 localized package path(s) for 4 prioritized culture(s) in 0.068458 seconds
[2017.10.29-07.48.25:288][  0]LogUObjectArray: 35825 objects as part of root set at end of initial load.
[2017.10.29-07.48.25:288][  0]LogUObjectAllocator: 7529112 out of 0 bytes used by permanent object pool.
[2017.10.29-07.48.25:288][  0]LogUObjectArray: CloseDisregardForGC: 0/0 objects in disregard for GC pool
[2017.10.29-07.48.25:357][  0]LogInit: WinSock: version 1.1 (2.2), MaxSocks=32767, MaxUdp=65467
[2017.10.29-07.48.28:124][  0]LogTcpMessaging: Initializing TcpMessaging bridge
[2017.10.29-07.48.28:170][  0]LogUdpMessaging: Initializing bridge on interface 0.0.0.0:0 to multicast group 230.0.0.1:6666.
[2017.10.29-07.48.28:901][  0]LogMaterial: Uniform references updated for custom material expression Custom.
[2017.10.29-07.48.29:359][  0]SourceControl: 源码控制已禁用
[2017.10.29-07.48.29:360][  0]SourceControl: 源码控制已禁用
[2017.10.29-07.48.29:416][  0]SourceControl: 源码控制已禁用
[2017.10.29-07.48.29:471][  0]SourceControl: 源码控制已禁用
[2017.10.29-07.48.30:147][  0]LogAndroidPermission: UAndroidPermissionCallbackProxy::GetInstance
[2017.10.29-07.48.30:435][  0]LogOcInput: OculusInput pre-init called
[2017.10.29-07.48.30:732][  0]LogEngine: Initializing Engine...
[2017.10.29-07.48.30:735][  0]LogHMD: Failed to initialize OpenVR with code 100
[2017.10.29-07.48.30:984][  0]LogStats: UGameplayTagsManager::ConstructGameplayTagTree: Construct from data asset -  0.000 s
[2017.10.29-07.48.30:984][  0]LogStats: UGameplayTagsManager::ConstructGameplayTagTree: GameplayTagTreeChangedEvent.Broadcast -  0.000 s
[2017.10.29-07.48.31:128][  0]LogAIModule: Creating AISystem for world Untitled
[2017.10.29-07.48.31:149][  0]LogInit: XAudio2 using '扬声器 (Realtek High Definition Audio)' : 4 channels at 44.1 kHz using 32 bits per sample (channel mask 0x33)
[2017.10.29-07.48.31:209][  0]LogInit: FAudioDevice initialized.
[2017.10.29-07.48.31:290][  0]LogDerivedDataCache: Saved boot cache 0.08s 93MB C:/Users/Administrator/AppData/Local/UnrealEngine/4.17/DerivedDataCache/Boot.ddc.
[2017.10.29-07.48.31:303][  0]LogInit: Texture streaming: Enabled
[2017.10.29-07.48.31:430][  0]LogEngineSessionManager: EngineSessionManager initialized
[2017.10.29-07.48.31:729][  0]LogInit: Transaction tracking system initialized
[2017.10.29-07.48.32:112][  0]BlueprintLog: New page: 编辑器加载
[2017.10.29-07.48.33:241][  0]LocalizationService: 本地化服务已被禁用
[2017.10.29-07.48.34:066][  0]LogConsoleResponse: Display: 
[2017.10.29-07.48.34:268][  0]LogCook: Display: Max memory allowance for cook 16384mb min free memory 0mb
[2017.10.29-07.48.34:268][  0]LogCook: Display: Mobile HDR setting 1
[2017.10.29-07.48.34:268][  0]LogGameplayTags: Display: UGameplayTagsManager::DoneAddingNativeTags. DelegateIsBound: 0
[2017.10.29-07.48.34:486][  0]LogFileCache: Scanning file cache for directory 'E:/VR动画/我的项目/vr animation/Content/' took 0.01s
[2017.10.29-07.48.35:502][  0]SourceControl: 源码控制已禁用
[2017.10.29-07.48.35:502][  0]Cmd: MAP LOAD FILE="../../../Engine/Content/Maps/Templates/Template_Default.umap" TEMPLATE=1 SHOWPROGRESS=1 FEATURELEVEL=3
[2017.10.29-07.48.35:503][  0]LightingResults: New page: 光照构建
[2017.10.29-07.48.35:552][  0]MapCheck: New page: 地图检测
[2017.10.29-07.48.35:552][  0]LightingResults: New page: 光照构建
[2017.10.29-07.48.35:737][  0]LogAIModule: Creating AISystem for world Untitled_1
[2017.10.29-07.48.35:742][  0]LogEditorServer: Finished looking for orphan Actors (0.000 secs)
[2017.10.29-07.48.35:755][  0]Cmd: MAP CHECKDEP NOCLEARLOG
[2017.10.29-07.48.35:814][  0]MapCheck: 地图检测完成：0个错误，0 个警告，用时58.888毫秒完成。
[2017.10.29-07.48.35:814][  0]LogFileHelpers: Loading map 'Template_Default' took 0.312
[2017.10.29-07.48.35:962][  0]LogCollectionManager: Loaded 0 collections in 0.001894 seconds
[2017.10.29-07.48.36:050][  0]LogFileCache: Scanning file cache for directory 'E:/VR动画/我的项目/vr animation/Saved/Collections/' took 0.01s
[2017.10.29-07.48.36:050][  0]LogFileCache: Scanning file cache for directory 'E:/VR动画/我的项目/vr animation/Content/Developers/miflyc/Collections/' took 0.01s
[2017.10.29-07.48.36:050][  0]LogFileCache: Scanning file cache for directory 'E:/VR动画/我的项目/vr animation/Content/Collections/' took 0.01s
[2017.10.29-07.48.36:050][  0]LogCollectionManager: Rebuilt the GUID cache for 0 collections in 0.000000 seconds
[2017.10.29-07.48.36:059][  0]LogContentBrowser: Native class hierarchy populated in 0.0091 seconds. Added 2386 classes and 500 folders.
[2017.10.29-07.48.36:133][  0]LogContentBrowser: Native class hierarchy updated for 'WidgetCarousel' in 0.0007 seconds. Added 0 classes and 0 folders.
[2017.10.29-07.48.36:181][  0]LogContentBrowser: Native class hierarchy updated for 'AddContentDialog' in 0.0006 seconds. Added 0 classes and 0 folders.
[2017.10.29-07.48.36:233][  0]LogContentBrowser: Native class hierarchy updated for 'SceneOutliner' in 0.0007 seconds. Added 1 classes and 2 folders.
[2017.10.29-07.48.36:299][  0]LogSlate: Took 0.000257 seconds to synchronously load lazily loaded font '../../../Engine/Content/Slate/Fonts/Roboto-Regular.ttf' (155K)
[2017.10.29-07.48.36:303][  0]LogSlate: Took 0.003302 seconds to synchronously load lazily loaded font '../../../Engine/Content/Slate/Fonts/DroidSansFallback.ttf' (3848K)
[2017.10.29-07.48.36:304][  0]LogSlate: Took 0.000252 seconds to synchronously load lazily loaded font '../../../Engine/Content/Slate/Fonts/Roboto-Bold.ttf' (160K)
[2017.10.29-07.48.36:311][  0]LogSlate: Took 0.000211 seconds to synchronously load lazily loaded font '../../../Engine/Content/Editor/Slate/Fonts/FontAwesome.ttf' (139K)
[2017.10.29-07.48.36:429][  0]LogRenderer: Reallocating scene render targets to support 1208x652 Format 26 NumSamples 1 (Frame:1).
[2017.10.29-07.48.36:629][  0]LogContentBrowser: Native class hierarchy updated for 'HierarchicalLODOutliner' in 0.0007 seconds. Added 1 classes and 2 folders.
[2017.10.29-07.48.36:629][  0]LogLoad: (Engine Initialization) Total time: 19.04 seconds
[2017.10.29-07.48.36:629][  0]LogLoad: (Engine Initialization) Total Blueprint compile time: 0.00 seconds
[2017.10.29-07.48.36:629][  0]LogExternalProfiler: Found external profiler: VSPerf
[2017.10.29-07.48.36:629][  0]LogExternalProfiler: Using external profiler: VSPerf
[2017.10.29-07.48.36:989][  0]LogContentStreaming: Texture pool size now 1000 MB
[2017.10.29-07.48.37:024][  0]LogSlate: Took 0.000195 seconds to synchronously load lazily loaded font '../../../Engine/Content/Slate/Fonts/Roboto-Light.ttf' (159K)
[2017.10.29-07.48.37:307][  1]LogAssetRegistry: Asset discovery search completed in 13.3312 seconds
[2017.10.29-07.48.37:308][  1]LogCollectionManager: Rebuilt the object cache for 0 collections in 0.000001 seconds (found 0 objects)
[2017.10.29-07.48.37:308][  1]LogCollectionManager: Fixed up redirectors for 0 collections in 0.000035 seconds (updated 0 objects)
[2017.10.29-07.49.04:139][418]LogSlate: Took 0.000142 seconds to synchronously load lazily loaded font '../../../Engine/Content/Slate/Fonts/Roboto-Light.ttf' (159K)
[2017.10.29-07.49.04:496][418]LogMaterial: Missing cached shader map for material M_BaseMaterial, compiling. 
[2017.10.29-07.49.04:609][418]LogMaterial: Missing cached shader map for material M_ArcEndpoint, compiling. 
[2017.10.29-07.49.04:655][418]LogMaterial: Missing cached shader map for material M_TeleportPreviews, compiling. 
[2017.10.29-07.49.04:670][418]LogAIModule: Creating AISystem for world HMDLocomotionMap
[2017.10.29-07.49.04:692][418]Cmd: MAP LOAD FILE="E:/VR动画/我的项目/vr animation/Content/VirtualRealityBP/Maps/HMDLocomotionMap.umap" TEMPLATE=0 SHOWPROGRESS=1 FEATURELEVEL=3
[2017.10.29-07.49.04:692][418]LightingResults: New page: 光照构建
[2017.10.29-07.49.04:692][418]LoadErrors: New page: 正在加载地图： HMDLocomotionMap.umap
[2017.10.29-07.49.04:693][418]MapCheck: New page: 地图检测
[2017.10.29-07.49.04:693][418]LightingResults: New page: 光照构建
[2017.10.29-07.49.04:775][418]LogEditorServer: Finished looking for orphan Actors (0.000 secs)
[2017.10.29-07.49.04:800][418]Cmd: MAP CHECKDEP NOCLEARLOG
[2017.10.29-07.49.04:873][418]MapCheck: 地图检测完成：0个错误，0 个警告，用时73.379毫秒完成。
[2017.10.29-07.49.04:873][418]LogFileHelpers: Loading map 'HMDLocomotionMap' took 0.183
[2017.10.29-07.49.24:038][559]LogEditorViewport: Clicking on Actor (LMB): HMDLocomotionPawn_C (HMDLocomotionPawn)
[2017.10.29-07.49.30:876][941]LogContentBrowser: Native class hierarchy updated for 'BlueprintGraph' in 0.0010 seconds. Added 113 classes and 0 folders.
[2017.10.29-07.49.31:580][941]LogSlate: Took 0.000212 seconds to synchronously load lazily loaded font '../../../Engine/Content/Editor/Slate/Fonts/Roboto-BoldCondensed.ttf' (158K)
[2017.10.29-07.49.31:758][942]LogSlate: Took 0.000325 seconds to synchronously load lazily loaded font '../../../Engine/Content/Editor/Slate/Fonts/Roboto-Italic.ttf' (157K)
[2017.10.29-07.50.08:628][821]LogSlate: Took 0.000170 seconds to synchronously load lazily loaded font '../../../Engine/Content/Slate/Fonts/Roboto-Regular.ttf' (155K)
[2017.10.29-07.50.08:646][821]LogMaterial: Missing cached shader map for material M_HandMat, compiling. 
[2017.10.29-07.50.08:682][821]LogMaterial: Missing cached shader map for material M_SplineArcMat, compiling. 
[2017.10.29-07.50.08:709][821]LogAIModule: Creating AISystem for world MotionControllerMap
[2017.10.29-07.50.08:757][821]Cmd: MAP LOAD FILE="E:/VR动画/我的项目/vr animation/Content/VirtualRealityBP/Maps/MotionControllerMap.umap" TEMPLATE=0 SHOWPROGRESS=1 FEATURELEVEL=3
[2017.10.29-07.50.08:758][821]LightingResults: New page: 光照构建
[2017.10.29-07.50.08:758][821]LoadErrors: New page: 正在加载地图： MotionControllerMap.umap
[2017.10.29-07.50.08:784][821]MapCheck: New page: 地图检测
[2017.10.29-07.50.08:784][821]LightingResults: New page: 光照构建
[2017.10.29-07.50.08:911][821]LogEditorServer: Finished looking for orphan Actors (0.000 secs)
[2017.10.29-07.50.08:955][821]Cmd: MAP CHECKDEP NOCLEARLOG
[2017.10.29-07.50.09:051][821]MapCheck: 地图检测完成：0个错误，0 个警告，用时95.249毫秒完成。
[2017.10.29-07.50.09:051][821]LogFileHelpers: Loading map 'MotionControllerMap' took 0.294
[2017.10.29-07.50.13:463][979]LogEditorViewport: Clicking on Actor (LMB): MotionControllerPawn_C (VRPawn)
[2017.10.29-07.51.59:407][807]LogActorComponent: UnregisterComponent: (/Engine/Transient.EditorFloorComp) Not registered. Aborting.
[2017.10.29-07.52.31:491][710]LogMaterial: Missing cached shader map for material Material_0, compiling. 
[2017.10.29-07.52.31:491][710]LogMaterial: Warning: Failed to compile Material /Engine/Transient.Material_0 for platform PCD3D_SM5, Default Material will be used in game.
[2017.10.29-07.52.31:491][710]LogMaterial: Warning: 	Only transparent or postprocess materials can read from scene depth.
[2017.10.29-07.52.56:501][834]LogAIModule: Creating AISystem for world StarterMap
[2017.10.29-07.52.56:688][834]Cmd: MAP LOAD FILE="E:/VR动画/我的项目/vr animation/Content/StarterContent/Maps/StarterMap.umap" TEMPLATE=0 SHOWPROGRESS=1 FEATURELEVEL=3
[2017.10.29-07.52.56:688][834]LightingResults: New page: 光照构建
[2017.10.29-07.52.56:689][834]LoadErrors: New page: 正在加载地图： StarterMap.umap
[2017.10.29-07.52.56:715][834]MapCheck: New page: 地图检测
[2017.10.29-07.52.56:715][834]LightingResults: New page: 光照构建
[2017.10.29-07.52.56:886][834]LogEditorServer: Finished looking for orphan Actors (0.000 secs)
[2017.10.29-07.52.56:923][834]Cmd: MAP CHECKDEP NOCLEARLOG
[2017.10.29-07.52.57:019][834]MapCheck: 地图检测完成：0个错误，0 个警告，用时95.591毫秒完成。
[2017.10.29-07.52.57:019][834]LogFileHelpers: Loading map 'StarterMap' took 0.332
[2017.10.29-07.53.36:580][146]LogMaterial: Missing cached shader map for material GenericHMDMaterial, compiling. 
[2017.10.29-07.53.36:602][146]LogAIModule: Creating AISystem for world StartupMap
[2017.10.29-07.53.36:628][146]Cmd: MAP LOAD FILE="E:/VR动画/我的项目/vr animation/Content/VirtualRealityBP/Maps/StartupMap.umap" TEMPLATE=0 SHOWPROGRESS=1 FEATURELEVEL=3
[2017.10.29-07.53.36:628][146]LightingResults: New page: 光照构建
[2017.10.29-07.53.36:629][146]LoadErrors: New page: 正在加载地图： StartupMap.umap
[2017.10.29-07.53.36:632][146]MapCheck: New page: 地图检测
[2017.10.29-07.53.36:632][146]LightingResults: New page: 光照构建
[2017.10.29-07.53.36:794][146]LogEditorServer: Finished looking for orphan Actors (0.000 secs)
[2017.10.29-07.53.36:830][146]Cmd: MAP CHECKDEP NOCLEARLOG
[2017.10.29-07.53.36:934][146]MapCheck: 地图检测完成：0个错误，0 个警告，用时103.92毫秒完成。
[2017.10.29-07.53.36:934][146]LogFileHelpers: Loading map 'StartupMap' took 0.307
[2017.10.29-07.55.48:177][874]LogLinker: Warning: 无法寻找到文件'/Game/Untitled_BuiltData'
[2017.10.29-07.55.48:177][874]LogLinker: Warning: 无法在加载E:/VR动画/我的项目/vr animation/Content/Untitled.umap时寻找到资源'/Game/Untitled_BuiltData'的文件。
[2017.10.29-07.55.48:177][874]LoadErrors: Error: /Game/Untitled : 无法寻找到资源的文件。 /Game/Untitled_BuiltData
[2017.10.29-07.55.48:179][874]LogLinker: Warning: 无法寻找到文件'/Game/Untitled_BuiltData'
[2017.10.29-07.55.48:180][874]LogLinker: Warning: 无法在加载E:/VR动画/我的项目/vr animation/Content/Untitled.umap时寻找到资源'/Game/Untitled_BuiltData'的文件。
[2017.10.29-07.55.48:182][874]LogLinker: Warning: 无法寻找到文件'/Game/Untitled_BuiltData'
[2017.10.29-07.55.48:182][874]LoadErrors: 加载失败 /Game/Untitled_BuiltData.Untitled_BuiltData 引用者 PersistentLevel
[2017.10.29-07.55.48:182][874]LogLinker: Warning: 无法在加载NULL时寻找到资源'/Game/Untitled_BuiltData'的文件。
[2017.10.29-07.55.48:184][874]LogAIModule: Creating AISystem for world Untitled
[2017.10.29-07.55.48:205][874]Cmd: MAP LOAD FILE="E:/VR动画/我的项目/vr animation/Content/Untitled.umap" TEMPLATE=0 SHOWPROGRESS=1 FEATURELEVEL=3
[2017.10.29-07.55.48:205][874]LightingResults: New page: 光照构建
[2017.10.29-07.55.48:206][874]LoadErrors: New page: 正在加载地图： Untitled.umap
[2017.10.29-07.55.48:207][874]MapCheck: New page: 地图检测
[2017.10.29-07.55.48:207][874]LightingResults: New page: 光照构建
[2017.10.29-07.55.48:354][874]LogEditorServer: Finished looking for orphan Actors (0.000 secs)
[2017.10.29-07.55.48:387][874]Cmd: MAP CHECKDEP NOCLEARLOG
[2017.10.29-07.55.48:480][874]MapCheck: 地图检测完成：0个错误，0 个警告，用时93.51毫秒完成。
[2017.10.29-07.55.48:481][874]LogFileHelpers: Loading map 'Untitled' took 0.276
[2017.10.29-07.56.16:613][421]LogRenderer: Reallocating scene render targets to support 1208x768 Format 26 NumSamples 1 (Frame:1).
[2017.10.29-07.57.25:901][856]LogRenderer: Reallocating scene render targets to support 1208x864 Format 26 NumSamples 1 (Frame:1504).
[2017.10.29-08.01.09:783][235]LogEditorActor: Deleted Actor: vrtest_C
[2017.10.29-08.01.09:803][235]LogEditorActor: Deleted 1 Actors (0.021 secs)
[2017.10.29-08.05.22:104][130]LogSlate: Warning: Prevented a slow task dialog from being summoned while a context menu was open
[2017.10.29-08.05.37:619][637]Cmd: OBJ SAVEPACKAGE PACKAGE="/Game/VR_GAMEMODE" FILE="E:/VR动画/我的项目/vr animation/Content/VR_GAMEMODE.uasset" SILENT=true
[2017.10.29-08.05.37:632][637]LogSavePackage: Save=10.98ms
[2017.10.29-08.05.37:632][637]LogSavePackage: Moving 'E:/VR动画/我的项目/vr animation/Saved/VR_GAMEMODE69105F854805CB7997F6B1B3F262F7F9.tmp' to 'E:/VR动画/我的项目/vr animation/Content/VR_GAMEMODE.uasset'
[2017.10.29-08.05.37:634][637]LogSavePackage: Display: Finished SavePackage E:/VR动画/我的项目/vr animation/Content/VR_GAMEMODE.uasset
[2017.10.29-08.08.24:995][435]BlueprintLog: New page: 编译VR_Pawn
[2017.10.29-08.08.38:944][241]LogEditorViewport: Clicking on Actor (LMB): StaticMeshActor (Floor)
[2017.10.29-08.09.29:894][447]LogSlate: Took 0.000217 seconds to synchronously load lazily loaded font '../../../Engine/Content/Slate/Fonts/Roboto-Light.ttf' (159K)
[2017.10.29-08.09.34:882][462]LogEditorViewport: Clicking on Actor (LMB): PlayerStart (Player Start)
[2017.10.29-08.09.38:615][675]Cmd: OBJ SAVEPACKAGE PACKAGE="/Game/Untitled" FILE="E:/VR动画/我的项目/vr animation/Saved/Autosaves/Game/Untitled_Auto1.umap" SILENT=true AUTOSAVING=true KEEPDIRTY=false
[2017.10.29-08.09.38:668][675]LogSavePackage: Save=50.58ms
[2017.10.29-08.09.38:668][675]LogSavePackage: Moving 'E:/VR动画/我的项目/vr animation/Saved/Untitled_Auto15AA7A6C3441AC34DFD1D85BB5EEA56A2.tmp' to 'E:/VR动画/我的项目/vr animation/Saved/Autosaves/Game/Untitled_Auto1.umap'
[2017.10.29-08.09.38:669][675]LogSavePackage: Display: Finished SavePackage E:/VR动画/我的项目/vr animation/Saved/Autosaves/Game/Untitled_Auto1.umap
[2017.10.29-08.09.38:671][675]LogFileHelpers: Editor autosave (incl. sublevels) for '/Game/Untitled' took 0.078
[2017.10.29-08.09.38:671][675]LogFileHelpers: Editor autosave (incl. sublevels) for all levels took 0.078
[2017.10.29-08.09.38:673][675]OBJ SavePackage: Generating thumbnails for [0] asset(s) in package [/Game/VR_Pawn] ([1] browsable assets)...
[2017.10.29-08.09.38:673][675]OBJ SavePackage: Finished generating thumbnails for package [/Game/VR_Pawn]
[2017.10.29-08.09.38:673][675]Cmd: OBJ SAVEPACKAGE PACKAGE="/Game/VR_Pawn" FILE="E:/VR动画/我的项目/vr animation/Saved/Autosaves/Game/VR_Pawn_Auto1.uasset" SILENT=false AUTOSAVING=true
[2017.10.29-08.09.38:686][675]LogSavePackage: Save=11.60ms
[2017.10.29-08.09.38:686][675]LogSavePackage: Moving 'E:/VR动画/我的项目/vr animation/Saved/VR_Pawn_Auto1898F7D204F49BBC576BDE8B3735921A7.tmp' to 'E:/VR动画/我的项目/vr animation/Saved/Autosaves/Game/VR_Pawn_Auto1.uasset'
[2017.10.29-08.09.38:687][675]LogSavePackage: Display: Finished SavePackage E:/VR动画/我的项目/vr animation/Saved/Autosaves/Game/VR_Pawn_Auto1.uasset
[2017.10.29-08.09.38:687][675]LogFileHelpers: Auto-saving content packages took 0.015
[2017.10.29-08.10.26:975][626]Cmd: OBJ SAVEPACKAGE PACKAGE="/Game/Untitled" FILE="E:/VR动画/我的项目/vr animation/Content/Untitled.umap" SILENT=true AUTOSAVING=false KEEPDIRTY=false
[2017.10.29-08.10.27:021][626]LogSavePackage: Save=23.23ms
[2017.10.29-08.10.27:021][626]LogSavePackage: Moving 'E:/VR动画/我的项目/vr animation/Saved/UntitledDD4C31BB43E701B7741D44A884F2480F.tmp' to 'E:/VR动画/我的项目/vr animation/Content/Untitled.umap'
[2017.10.29-08.10.27:023][626]LogSavePackage: Display: Finished SavePackage E:/VR动画/我的项目/vr animation/Content/Untitled.umap
[2017.10.29-08.10.29:684][687]Cmd: OBJ SAVEPACKAGE PACKAGE="/Game/VR_Pawn" FILE="E:/VR动画/我的项目/vr animation/Content/VR_Pawn.uasset" SILENT=true
[2017.10.29-08.10.29:698][687]LogSavePackage: Save=12.23ms
[2017.10.29-08.10.29:698][687]LogSavePackage: Moving 'E:/VR动画/我的项目/vr animation/Saved/VR_Pawn2C539DD94BF02308AC86BB89BB119A14.tmp' to 'E:/VR动画/我的项目/vr animation/Content/VR_Pawn.uasset'
[2017.10.29-08.10.29:700][687]LogSavePackage: Display: Finished SavePackage E:/VR动画/我的项目/vr animation/Content/VR_Pawn.uasset
[2017.10.29-08.10.29:818][687]LogActorComponent: UnregisterComponent: (/Engine/Transient.EditorFloorComp) Not registered. Aborting.
[2017.10.29-08.10.29:881][687]LogWindowsTextInputMethodSystem: Display: IME system now deactivated.
[2017.10.29-08.10.30:049][688]Cmd: QUIT_EDITOR
[2017.10.29-08.10.30:078][688]LogExit: Preparing to exit.
[2017.10.29-08.10.30:906][688]LogExit: Editor shut down
[2017.10.29-08.10.30:909][688]LogExit: Transaction tracking system shut down
[2017.10.29-08.10.31:062][688]LogDirectoryWatcher: A directory notification for '../../../Engine/Content/' was aborted.
[2017.10.29-08.10.31:062][688]LogDirectoryWatcher: A directory notification for 'E:/VR动画/我的项目/vr animation/Content/' was aborted.
[2017.10.29-08.10.31:062][688]LogDirectoryWatcher: A directory notification for '../../../Engine/Plugins/2D/Paper2D/Content/' was aborted.
[2017.10.29-08.10.31:062][688]LogDirectoryWatcher: A directory notification for '../../../Engine/Plugins/Runtime/Oculus/OculusVR/Content/' was aborted.
[2017.10.29-08.10.31:062][688]LogDirectoryWatcher: A directory notification for '../../../Engine/Plugins/Runtime/Steam/SteamVR/Content/' was aborted.
[2017.10.29-08.10.31:156][688]LogExit: Object subsystem successfully closed.
[2017.10.29-08.10.31:180][688]LogD3D11RHI: Shutdown
[2017.10.29-08.10.31:180][688]LogD3D11RHI: CleanupD3DDevice
[2017.10.29-08.10.31:298][688]LogD3D11RHI: ~FD3D11DynamicRHI
[2017.10.29-08.10.31:329][688]LogModuleManager: Shutting down and abandoning module BlueprintGraph (534)
[2017.10.29-08.10.31:329][688]LogModuleManager: Shutting down and abandoning module BlueprintProfiler (532)
[2017.10.29-08.10.31:329][688]LogModuleManager: Shutting down and abandoning module HierarchicalLODOutliner (530)
[2017.10.29-08.10.31:329][688]LogModuleManager: Shutting down and abandoning module SceneOutliner (528)
[2017.10.29-08.10.31:329][688]LogModuleManager: Shutting down and abandoning module AddContentDialog (526)
[2017.10.29-08.10.31:329][688]LogDirectoryWatcher: A directory notification for 'C:/Program Files/Epic Games/UE_4.17/FeaturePacks/' was aborted.
[2017.10.29-08.10.31:330][688]LogModuleManager: Shutting down and abandoning module WidgetCarousel (525)
[2017.10.29-08.10.31:330][688]LogModuleManager: Shutting down and abandoning module EditorWidgets (522)
[2017.10.29-08.10.31:330][688]LogModuleManager: Shutting down and abandoning module CollectionManager (520)
[2017.10.29-08.10.31:330][688]LogDirectoryWatcher: A directory notification for 'E:/VR动画/我的项目/vr animation/Content/Collections/' was aborted.
[2017.10.29-08.10.31:330][688]LogDirectoryWatcher: A directory notification for 'E:/VR动画/我的项目/vr animation/Content/Developers/miflyc/Collections/' was aborted.
[2017.10.29-08.10.31:331][688]LogDirectoryWatcher: A directory notification for 'E:/VR动画/我的项目/vr animation/Saved/Collections/' was aborted.
[2017.10.29-08.10.31:331][688]LogModuleManager: Shutting down and abandoning module StatsViewer (518)
[2017.10.29-08.10.31:331][688]LogModuleManager: Shutting down and abandoning module FoliageEdit (516)
[2017.10.29-08.10.31:331][688]LogModuleManager: Shutting down and abandoning module LandscapeEditor (514)
[2017.10.29-08.10.31:331][688]LogModuleManager: Shutting down and abandoning module MeshPaintMode (512)
[2017.10.29-08.10.31:331][688]LogModuleManager: Shutting down and abandoning module SceneDepthPickerMode (510)
[2017.10.29-08.10.31:331][688]LogModuleManager: Shutting down and abandoning module ActorPickerMode (508)
[2017.10.29-08.10.31:331][688]LogModuleManager: Shutting down and abandoning module GeometryMode (506)
[2017.10.29-08.10.31:331][688]LogModuleManager: Shutting down and abandoning module TextureAlignMode (504)
[2017.10.29-08.10.31:331][688]LogModuleManager: Shutting down and abandoning module BspMode (502)
[2017.10.29-08.10.31:331][688]LogModuleManager: Shutting down and abandoning module PIEPreviewDeviceProfileSelector (500)
[2017.10.29-08.10.31:331][688]LogModuleManager: Shutting down and abandoning module HardwareSurvey (498)
[2017.10.29-08.10.31:331][688]LogModuleManager: Shutting down and abandoning module SequenceRecorderSections (496)
[2017.10.29-08.10.31:331][688]LogModuleManager: Shutting down and abandoning module AutomationWorker (494)
[2017.10.29-08.10.31:331][688]LogModuleManager: Shutting down and abandoning module MatineeToLevelSequence (492)
[2017.10.29-08.10.31:331][688]LogModuleManager: Shutting down and abandoning module LevelSequenceEditor (490)
[2017.10.29-08.10.31:331][688]LogModuleManager: Shutting down and abandoning module PlacementMode (489)
[2017.10.29-08.10.31:331][688]LogModuleManager: Shutting down and abandoning module WmfMediaFactory (486)
[2017.10.29-08.10.31:331][688]LogModuleManager: Shutting down and abandoning module WmfMediaEditor (484)
[2017.10.29-08.10.31:331][688]LogModuleManager: Shutting down and abandoning module AvfMediaFactory (482)
[2017.10.29-08.10.31:331][688]LogModuleManager: Shutting down and abandoning module AvfMediaEditor (480)
[2017.10.29-08.10.31:331][688]LogModuleManager: Shutting down and abandoning module AndroidMediaFactory (478)
[2017.10.29-08.10.31:331][688]LogModuleManager: Shutting down and abandoning module Media (477)
[2017.10.29-08.10.31:331][688]LogModuleManager: Shutting down and abandoning module AndroidMediaEditor (474)
[2017.10.29-08.10.31:331][688]LogModuleManager: Shutting down and abandoning module CharacterAI (472)
[2017.10.29-08.10.31:331][688]LogModuleManager: Shutting down and abandoning module AudioCapture (470)
[2017.10.29-08.10.31:331][688]LogModuleManager: Shutting down and abandoning module SequenceRecorder (469)
[2017.10.29-08.10.31:331][688]LogModuleManager: Shutting down and abandoning module SmartSnapping (466)
[2017.10.29-08.10.31:331][688]LogModuleManager: Shutting down and abandoning module SessionServices (464)
[2017.10.29-08.10.31:331][688]LogModuleManager: Shutting down and abandoning module ViewportSnapping (462)
[2017.10.29-08.10.31:331][688]LogModuleManager: Shutting down and abandoning module ViewportInteraction (460)
[2017.10.29-08.10.31:331][688]LogModuleManager: Shutting down and abandoning module ClothPainter (458)
[2017.10.29-08.10.31:331][688]LogModuleManager: Shutting down and abandoning module LogVisualizer (456)
[2017.10.29-08.10.31:331][688]LogModuleManager: Shutting down and abandoning module IntroTutorials (454)
[2017.10.29-08.10.31:331][688]LogModuleManager: Shutting down and abandoning module GameProjectGeneration (453)
[2017.10.29-08.10.31:331][688]LogModuleManager: Shutting down and abandoning module IOSPlatformEditor (450)
[2017.10.29-08.10.31:331][688]LogModuleManager: Shutting down and abandoning module HTML5PlatformEditor (448)
[2017.10.29-08.10.31:332][688]LogModuleManager: Shutting down and abandoning module AndroidPlatformEditor (446)
[2017.10.29-08.10.31:332][688]LogModuleManager: Shutting down and abandoning module AndroidDeviceDetection (445)
[2017.10.29-08.10.32:219][688]LogModuleManager: Shutting down and abandoning module WindowsPlatformEditor (442)
[2017.10.29-08.10.32:219][688]LogModuleManager: Shutting down and abandoning module IOSRuntimeSettings (440)
[2017.10.29-08.10.32:219][688]LogModuleManager: Shutting down and abandoning module AndroidRuntimeSettings (438)
[2017.10.29-08.10.32:219][688]LogModuleManager: Shutting down and abandoning module InputBindingEditor (436)
[2017.10.29-08.10.32:219][688]LogModuleManager: Shutting down and abandoning module MergeActors (434)
[2017.10.29-08.10.32:219][688]LogModuleManager: Shutting down and abandoning module SizeMap (432)
[2017.10.29-08.10.32:219][688]LogModuleManager: Shutting down and abandoning module TreeMap (430)
[2017.10.29-08.10.32:219][688]LogModuleManager: Shutting down and abandoning module ReferenceViewer (428)
[2017.10.29-08.10.32:219][688]LogModuleManager: Shutting down and abandoning module LocalizationDashboard (426)
[2017.10.29-08.10.32:219][688]LogModuleManager: Shutting down and abandoning module LocalizationService (425)
[2017.10.29-08.10.32:219][688]LogModuleManager: Shutting down and abandoning module HardwareTargeting (422)
[2017.10.29-08.10.32:219][688]LogModuleManager: Shutting down and abandoning module DeviceProfileEditor (420)
[2017.10.29-08.10.32:219][688]LogModuleManager: Shutting down and abandoning module UndoHistory (418)
[2017.10.29-08.10.32:219][688]LogModuleManager: Shutting down and abandoning module XmlParser (416)
[2017.10.29-08.10.32:219][688]LogModuleManager: Shutting down and abandoning module Blutility (414)
[2017.10.29-08.10.32:219][688]LogModuleManager: Shutting down and abandoning module ProjectSettingsViewer (412)
[2017.10.29-08.10.32:219][688]LogModuleManager: Shutting down and abandoning module ProjectTargetPlatformEditor (411)
[2017.10.29-08.10.32:219][688]LogModuleManager: Shutting down and abandoning module EditorSettingsViewer (408)
[2017.10.29-08.10.32:219][688]LogModuleManager: Shutting down and abandoning module SettingsEditor (406)
[2017.10.29-08.10.32:219][688]LogModuleManager: Shutting down and abandoning module ProjectLauncher (404)
[2017.10.29-08.10.32:219][688]LogModuleManager: Shutting down and abandoning module SessionFrontend (402)
[2017.10.29-08.10.32:219][688]LogModuleManager: Shutting down and abandoning module ProfilerClient (400)
[2017.10.29-08.10.32:219][688]LogModuleManager: Shutting down and abandoning module DeviceManager (398)
[2017.10.29-08.10.32:219][688]LogModuleManager: Shutting down and abandoning module TargetDeviceServices (397)
[2017.10.29-08.10.32:274][688]LogModuleManager: Shutting down and abandoning module AutomationController (394)
[2017.10.29-08.10.32:274][688]LogModuleManager: Shutting down and abandoning module AutomationWindow (392)
[2017.10.29-08.10.32:274][688]LogModuleManager: Shutting down and abandoning module Layers (390)
[2017.10.29-08.10.32:274][688]LogModuleManager: Shutting down and abandoning module ComponentVisualizers (388)
[2017.10.29-08.10.32:274][688]LogModuleManager: Shutting down and abandoning module DetailCustomizations (386)
[2017.10.29-08.10.32:274][688]LogModuleManager: Shutting down and abandoning module PackagesDialog (384)
[2017.10.29-08.10.32:274][688]LogModuleManager: Shutting down and abandoning module Persona (382)
[2017.10.29-08.10.32:274][688]LogModuleManager: Shutting down and abandoning module AdvancedPreviewScene (381)
[2017.10.29-08.10.32:274][688]LogModuleManager: Shutting down and abandoning module AnimGraph (379)
[2017.10.29-08.10.32:274][688]LogModuleManager: Shutting down and abandoning module Kismet (376)
[2017.10.29-08.10.32:281][688]LogModuleManager: Shutting down and abandoning module ClassViewer (374)
[2017.10.29-08.10.32:283][688]LogModuleManager: Shutting down and abandoning module Toolbox (372)
[2017.10.29-08.10.32:283][688]LogModuleManager: Shutting down and abandoning module ModuleUI (370)
[2017.10.29-08.10.32:283][688]LogModuleManager: Shutting down and abandoning module MovieSceneTools (368)
[2017.10.29-08.10.32:283][688]LogModuleManager: Shutting down and abandoning module OutputLog (366)
[2017.10.29-08.10.32:283][688]LogModuleManager: Shutting down and abandoning module GammaUI (364)
[2017.10.29-08.10.32:283][688]LogModuleManager: Shutting down and abandoning module Documentation (362)
[2017.10.29-08.10.32:283][688]LogModuleManager: Shutting down and abandoning module MovieSceneTracks (360)
[2017.10.29-08.10.32:283][688]LogModuleManager: Shutting down and abandoning module MovieScene (358)
[2017.10.29-08.10.32:283][688]LogModuleManager: Shutting down and abandoning module Niagara (356)
[2017.10.29-08.10.32:283][688]LogModuleManager: Shutting down and abandoning module NiagaraEditor (355)
[2017.10.29-08.10.32:283][688]LogModuleManager: Shutting down and abandoning module StreamingPauseRendering (352)
[2017.10.29-08.10.32:283][688]LogModuleManager: Shutting down and abandoning module LauncherPlatform (350)
[2017.10.29-08.10.32:283][688]LogModuleManager: Shutting down and abandoning module AnalyticsET (348)
[2017.10.29-08.10.32:283][688]LogModuleManager: Shutting down and abandoning module PortalServices (346)
[2017.10.29-08.10.32:283][688]LogModuleManager: Shutting down and abandoning module PortalRpc (344)
[2017.10.29-08.10.32:283][688]LogModuleManager: Shutting down and abandoning module MessagingRpc (342)
[2017.10.29-08.10.32:283][688]LogModuleManager: Shutting down and abandoning module AIModule (340)
[2017.10.29-08.10.32:283][688]LogModuleManager: Shutting down and abandoning module GameplayDebugger (339)
[2017.10.29-08.10.32:283][688]LogModuleManager: Shutting down and abandoning module AITestSuite (337)
[2017.10.29-08.10.32:283][688]LogModuleManager: Shutting down and abandoning module ProfilerService (334)
[2017.10.29-08.10.32:323][688]LogModuleManager: Shutting down and abandoning module TaskGraph (332)
[2017.10.29-08.10.32:323][688]LogModuleManager: Shutting down and abandoning module SteamVRController (330)
[2017.10.29-08.10.32:323][688]LogModuleManager: Shutting down and abandoning module ProceduralMeshComponentEditor (328)
[2017.10.29-08.10.32:323][688]LogModuleManager: Shutting down and abandoning module ProceduralMeshComponent (326)
[2017.10.29-08.10.32:323][688]LogModuleManager: Shutting down and abandoning module OculusInput (324)
[2017.10.29-08.10.32:323][688]LogModuleManager: Shutting down and abandoning module MobilePatchingUtils (322)
[2017.10.29-08.10.32:323][688]LogModuleManager: Shutting down and abandoning module CustomMeshComponent (320)
[2017.10.29-08.10.32:323][688]LogModuleManager: Shutting down and abandoning module CableComponent (318)
[2017.10.29-08.10.32:323][688]LogModuleManager: Shutting down and abandoning module ArchVisCharacter (316)
[2017.10.29-08.10.32:323][688]LogModuleManager: Shutting down and abandoning module AndroidPermission (314)
[2017.10.29-08.10.32:323][688]LogModuleManager: Shutting down and abandoning module MediaPlayerEditor (310)
[2017.10.29-08.10.32:323][688]LogModuleManager: Shutting down and abandoning module HTML5Networking (308)
[2017.10.29-08.10.32:323][688]LogModuleManager: Shutting down and abandoning module AlembicImporter (306)
[2017.10.29-08.10.32:323][688]LogModuleManager: Shutting down and abandoning module AlembicLibrary (305)
[2017.10.29-08.10.32:323][688]LogModuleManager: Shutting down and abandoning module GeometryCache (304)
[2017.10.29-08.10.32:323][688]LogModuleManager: Shutting down and abandoning module GeometryCacheEd (303)
[2017.10.29-08.10.32:323][688]LogModuleManager: Shutting down and abandoning module SpeedTreeImporter (298)
[2017.10.29-08.10.32:324][688]LogModuleManager: Shutting down and abandoning module PluginBrowser (296)
[2017.10.29-08.10.32:324][688]LogModuleManager: Shutting down and abandoning module MobileLauncherProfileWizard (294)
[2017.10.29-08.10.32:324][688]LogModuleManager: Shutting down and abandoning module VisualStudioSourceCodeAccess (292)
[2017.10.29-08.10.32:324][688]LogModuleManager: Shutting down and abandoning module DesktopPlatform (291)
[2017.10.29-08.10.32:324][688]LogModuleManager: Shutting down and abandoning module UObjectPlugin (288)
[2017.10.29-08.10.32:324][688]LogModuleManager: Shutting down and abandoning module SubversionSourceControl (286)
[2017.10.29-08.10.32:324][688]LogModuleManager: Shutting down and abandoning module PerforceSourceControl (284)
[2017.10.29-08.10.32:324][688]LogModuleManager: Shutting down and abandoning module GitSourceControl (282)
[2017.10.29-08.10.32:324][688]LogModuleManager: Shutting down and abandoning module SourceControl (281)
[2017.10.29-08.10.32:324][688]LogModuleManager: Shutting down and abandoning module LightPropagationVolumeEditor (278)
[2017.10.29-08.10.32:324][688]LogModuleManager: Shutting down and abandoning module PaperTiledImporter (276)
[2017.10.29-08.10.32:324][688]LogModuleManager: Shutting down and abandoning module PaperSpriteSheetImporter (274)
[2017.10.29-08.10.32:324][688]LogModuleManager: Shutting down and abandoning module Paper2DEditor (272)
[2017.10.29-08.10.32:324][688]LogModuleManager: Shutting down and abandoning module MeshPaint (271)
[2017.10.29-08.10.32:324][688]LogModuleManager: Shutting down and abandoning module LevelEditor (269)
[2017.10.29-08.10.32:325][688]LogModuleManager: Shutting down and abandoning module PixelInspectorModule (268)
[2017.10.29-08.10.32:325][688]LogModuleManager: Shutting down and abandoning module MainFrame (266)
[2017.10.29-08.10.32:325][688]LogModuleManager: Shutting down and abandoning module HotReload (265)
[2017.10.29-08.10.32:325][688]LogModuleManager: Shutting down and abandoning module RuntimePhysXCooking (260)
[2017.10.29-08.10.32:325][688]LogModuleManager: Shutting down and abandoning module PhysXVehiclesEditor (258)
[2017.10.29-08.10.32:325][688]LogModuleManager: Shutting down and abandoning module PhysXVehicles (256)
[2017.10.29-08.10.32:325][688]LogModuleManager: Shutting down and abandoning module OculusEditor (254)
[2017.10.29-08.10.32:325][688]LogModuleManager: Shutting down and abandoning module LocationServicesBPLibrary (252)
[2017.10.29-08.10.32:325][688]LogModuleManager: Shutting down and abandoning module ImmediatePhysicsEditor (250)
[2017.10.29-08.10.32:325][688]LogModuleManager: Shutting down and abandoning module ImmediatePhysics (248)
[2017.10.29-08.10.32:325][688]LogModuleManager: Shutting down and abandoning module UdpMessaging (246)
[2017.10.29-08.10.32:426][688]LogModuleManager: Shutting down and abandoning module TcpMessaging (244)
[2017.10.29-08.10.32:527][688]LogModuleManager: Shutting down and abandoning module GameplayTagsEditor (242)
[2017.10.29-08.10.32:527][688]LogModuleManager: Shutting down and abandoning module FacialAnimationEditor (240)
[2017.10.29-08.10.32:527][688]LogModuleManager: Shutting down and abandoning module FacialAnimation (238)
[2017.10.29-08.10.32:527][688]LogModuleManager: Shutting down and abandoning module AssetManagerEditor (236)
[2017.10.29-08.10.32:527][688]LogModuleManager: Shutting down and abandoning module GraphEditor (235)
[2017.10.29-08.10.32:527][688]LogModuleManager: Shutting down and abandoning module ContentBrowser (233)
[2017.10.29-08.10.32:528][688]LogModuleManager: Shutting down and abandoning module LightPropagationVolumeRuntime (230)
[2017.10.29-08.10.32:528][688]LogModuleManager: Shutting down and abandoning module Paper2D (228)
[2017.10.29-08.10.32:528][688]LogModuleManager: Shutting down and abandoning module WindowsMoviePlayer (226)
[2017.10.29-08.10.32:528][688]LogModuleManager: Shutting down and abandoning module WmfMedia (224)
[2017.10.29-08.10.32:528][688]LogModuleManager: Shutting down and abandoning module PacketHandler (222)
[2017.10.29-08.10.32:528][688]LogModuleManager: Shutting down and abandoning module ClothingSystemEditor (220)
[2017.10.29-08.10.32:528][688]LogModuleManager: Shutting down and abandoning module ClothingSystemRuntime (218)
[2017.10.29-08.10.32:528][688]LogModuleManager: Shutting down and abandoning module Overlay (216)
[2017.10.29-08.10.32:528][688]LogModuleManager: Shutting down and abandoning module OverlayEditor (215)
[2017.10.29-08.10.32:528][688]LogModuleManager: Shutting down and abandoning module MediaAssets (212)
[2017.10.29-08.10.32:528][688]LogModuleManager: Shutting down and abandoning module VREditor (210)
[2017.10.29-08.10.32:528][688]LogModuleManager: Shutting down and abandoning module StringTableEditor (208)
[2017.10.29-08.10.32:528][688]LogModuleManager: Shutting down and abandoning module GameplayTasksEditor (206)
[2017.10.29-08.10.32:528][688]LogModuleManager: Shutting down and abandoning module BehaviorTreeEditor (204)
[2017.10.29-08.10.32:528][688]LogModuleManager: Shutting down and abandoning module FunctionalTesting (202)
[2017.10.29-08.10.32:528][688]LogModuleManager: Shutting down and abandoning module CollisionAnalyzer (200)
[2017.10.29-08.10.32:528][688]LogModuleManager: Shutting down and abandoning module WorkspaceMenuStructure (199)
[2017.10.29-08.10.32:528][688]LogModuleManager: Shutting down and abandoning module UMG (196)
[2017.10.29-08.10.32:528][688]LogModuleManager: Shutting down and abandoning module UMGEditor (195)
[2017.10.29-08.10.32:528][688]LogModuleManager: Shutting down and abandoning module Sequencer (194)
[2017.10.29-08.10.32:528][688]LogModuleManager: Shutting down and abandoning module MessageLog (191)
[2017.10.29-08.10.32:528][688]LogModuleManager: Shutting down and abandoning module SlateReflector (186)
[2017.10.29-08.10.32:528][688]LogModuleManager: Shutting down and abandoning module Slate (184)
[2017.10.29-08.10.32:528][688]LogModuleManager: Shutting down and abandoning module EditorStyle (182)
[2017.10.29-08.10.32:531][688]LogModuleManager: Shutting down and abandoning module MRMesh (180)
[2017.10.29-08.10.32:531][688]LogModuleManager: Shutting down and abandoning module SourceCodeAccess (178)
[2017.10.29-08.10.32:531][688]LogModuleManager: Shutting down and abandoning module HeadMountedDisplay (176)
[2017.10.29-08.10.32:531][688]LogModuleManager: Shutting down and abandoning module XAudio2 (174)
[2017.10.29-08.10.32:531][688]LogModuleManager: Shutting down and abandoning module Networking (172)
[2017.10.29-08.10.32:531][688]LogModuleManager: Shutting down and abandoning module Core (168)
[2017.10.29-08.10.32:531][688]LogModuleManager: Shutting down and abandoning module KismetCompiler (164)
[2017.10.29-08.10.32:531][688]LogModuleManager: Shutting down and abandoning module LevelSequence (162)
[2017.10.29-08.10.32:531][688]LogModuleManager: Shutting down and abandoning module MeshUtilities (160)
[2017.10.29-08.10.32:531][688]LogModuleManager: Shutting down and abandoning module MeshMergeUtilities (159)
[2017.10.29-08.10.32:531][688]LogModuleManager: Shutting down and abandoning module MeshReductionInterface (158)
[2017.10.29-08.10.32:531][688]LogModuleManager: Shutting down and abandoning module SimplygonSwarm (157)
[2017.10.29-08.10.32:531][688]LogModuleManager: Shutting down and abandoning module SimplygonMeshReduction (155)
[2017.10.29-08.10.32:531][688]LogModuleManager: Shutting down and abandoning module QuadricMeshReduction (153)
[2017.10.29-08.10.32:531][688]LogModuleManager: Shutting down and abandoning module MaterialBaking (149)
[2017.10.29-08.10.32:531][688]LogModuleManager: Shutting down and abandoning module DirectoryWatcher (146)
[2017.10.29-08.10.32:532][688]LogModuleManager: Shutting down and abandoning module DerivedDataCache (144)
[2017.10.29-08.10.32:588][688]LogDerivedDataCache: Shutdown
[2017.10.29-08.10.32:588][688]LogModuleManager: Shutting down and abandoning module TargetPlatform (142)
[2017.10.29-08.10.32:588][688]LogModuleManager: Shutting down and abandoning module VulkanShaderFormat (141)
[2017.10.29-08.10.32:588][688]LogModuleManager: Shutting down and abandoning module ShaderFormatVectorVM (139)
[2017.10.29-08.10.32:588][688]LogModuleManager: Shutting down and abandoning module ShaderFormatOpenGL (137)
[2017.10.29-08.10.32:588][688]LogModuleManager: Shutting down and abandoning module ShaderFormatD3D (135)
[2017.10.29-08.10.32:588][688]LogModuleManager: Shutting down and abandoning module MetalShaderFormat (133)
[2017.10.29-08.10.32:588][688]LogModuleManager: Shutting down and abandoning module TextureFormatUncompressed (131)
[2017.10.29-08.10.32:588][688]LogModuleManager: Shutting down and abandoning module TextureFormatPVR (129)
[2017.10.29-08.10.32:588][688]LogModuleManager: Shutting down and abandoning module TextureFormatDXT (127)
[2017.10.29-08.10.32:588][688]LogModuleManager: Shutting down and abandoning module TextureFormatIntelISPCTexComp (125)
[2017.10.29-08.10.32:588][688]LogModuleManager: Shutting down and abandoning module TextureFormatASTC (123)
[2017.10.29-08.10.32:588][688]LogModuleManager: Shutting down and abandoning module ImageWrapper (122)
[2017.10.29-08.10.32:588][688]LogModuleManager: Shutting down and abandoning module TextureFormatAndroid (119)
[2017.10.29-08.10.32:588][688]LogModuleManager: Shutting down and abandoning module AudioFormatOpus (117)
[2017.10.29-08.10.32:588][688]LogModuleManager: Shutting down and abandoning module AudioFormatOgg (115)
[2017.10.29-08.10.32:588][688]LogModuleManager: Shutting down and abandoning module AudioFormatADPCM (113)
[2017.10.29-08.10.32:589][688]LogModuleManager: Shutting down and abandoning module LinuxTargetPlatform (111)
[2017.10.29-08.10.32:589][688]LogModuleManager: Shutting down and abandoning module LinuxServerTargetPlatform (109)
[2017.10.29-08.10.32:589][688]LogModuleManager: Shutting down and abandoning module LinuxNoEditorTargetPlatform (107)
[2017.10.29-08.10.32:589][688]LogModuleManager: Shutting down and abandoning module LinuxClientTargetPlatform (105)
[2017.10.29-08.10.32:589][688]LogModuleManager: Shutting down and abandoning module TVOSTargetPlatform (103)
[2017.10.29-08.10.32:589][688]LogModuleManager: Shutting down and abandoning module Messaging (101)
[2017.10.29-08.10.32:589][688]LogModuleManager: Shutting down and abandoning module IOSTargetPlatform (99)
[2017.10.29-08.10.32:589][688]LogModuleManager: Shutting down and abandoning module HTML5TargetPlatform (97)
[2017.10.29-08.10.32:589][688]LogModuleManager: Shutting down and abandoning module Android_PVRTCTargetPlatform (95)
[2017.10.29-08.10.32:589][688]LogModuleManager: Shutting down and abandoning module Android_MultiTargetPlatform (93)
[2017.10.29-08.10.32:589][688]LogModuleManager: Shutting down and abandoning module Android_ETC2TargetPlatform (91)
[2017.10.29-08.10.32:589][688]LogModuleManager: Shutting down and abandoning module Android_ETC1TargetPlatform (89)
[2017.10.29-08.10.32:589][688]LogModuleManager: Shutting down and abandoning module Android_DXTTargetPlatform (87)
[2017.10.29-08.10.32:589][688]LogModuleManager: Shutting down and abandoning module Android_ATCTargetPlatform (85)
[2017.10.29-08.10.32:589][688]LogModuleManager: Shutting down and abandoning module Android_ASTCTargetPlatform (83)
[2017.10.29-08.10.32:589][688]LogModuleManager: Shutting down and abandoning module AndroidTargetPlatform (81)
[2017.10.29-08.10.32:589][688]LogModuleManager: Shutting down and abandoning module WindowsTargetPlatform (79)
[2017.10.29-08.10.32:589][688]LogModuleManager: Shutting down and abandoning module WindowsServerTargetPlatform (77)
[2017.10.29-08.10.32:589][688]LogModuleManager: Shutting down and abandoning module WindowsNoEditorTargetPlatform (75)
[2017.10.29-08.10.32:589][688]LogModuleManager: Shutting down and abandoning module WindowsClientTargetPlatform (73)
[2017.10.29-08.10.32:589][688]LogModuleManager: Shutting down and abandoning module MacTargetPlatform (71)
[2017.10.29-08.10.32:589][688]LogModuleManager: Shutting down and abandoning module MacServerTargetPlatform (69)
[2017.10.29-08.10.32:589][688]LogModuleManager: Shutting down and abandoning module MacNoEditorTargetPlatform (67)
[2017.10.29-08.10.32:589][688]LogModuleManager: Shutting down and abandoning module MacClientTargetPlatform (65)
[2017.10.29-08.10.32:589][688]LogModuleManager: Shutting down and abandoning module AllDesktopTargetPlatform (63)
[2017.10.29-08.10.32:589][688]LogModuleManager: Shutting down and abandoning module InputCore (60)
[2017.10.29-08.10.32:589][688]LogModuleManager: Shutting down and abandoning module Settings (58)
[2017.10.29-08.10.32:589][688]LogModuleManager: Shutting down and abandoning module PhysXCooking (56)
[2017.10.29-08.10.32:589][688]LogModuleManager: Shutting down and abandoning module SteamVR (54)
[2017.10.29-08.10.32:589][688]LogModuleManager: Shutting down and abandoning module OculusHMD (52)
[2017.10.29-08.10.32:589][688]LogModuleManager: Shutting down and abandoning module ExampleDeviceProfileSelector (50)
[2017.10.29-08.10.32:589][688]LogModuleManager: Shutting down and abandoning module OnlineBlueprintSupport (48)
[2017.10.29-08.10.32:589][688]LogModuleManager: Shutting down and abandoning module OnlineSubsystem (44)
[2017.10.29-08.10.32:589][688]LogOnline: Display: Unloading online subsystem: NULL
[2017.10.29-08.10.32:589][688]LogModuleManager: Shutting down and abandoning module XMPP (43)
[2017.10.29-08.10.32:589][688]LogModuleManager: Shutting down and abandoning module HTTP (41)
[2017.10.29-08.10.32:589][688]LogHttp: Display: Http module shutting down, but needs to wait on 1 outstanding Http requests:
[2017.10.29-08.10.32:589][688]LogHttp: Display: 	verb=[POST] url=[https://datarouter.ol.epicgames.com/datarouter/api/v1/public/data?SessionID=%7BE75C062D-4F63-9746-3DB1-78991CF55EEF%7D&AppID=UEEditor.Rocket.Release&AppVersion=4.17.1-3586342%2B%2B%2BUE4%2BRelease-4.17&UserID=1087346c4006d13358bdd89f44fe27ea%7Ced83049a0ef5465abd4202b9c1d34bee%7C4894d51c-963d-4b82-a831-ec02ddef743a&AppEnvironment=datacollector-binary&UploadType=eteventstream] status=Processing
[2017.10.29-08.10.32:602][688]LogModuleManager: Shutting down and abandoning module SSL (40)
[2017.10.29-08.10.32:604][688]LogModuleManager: Shutting down and abandoning module AnimationModifiers (36)
[2017.10.29-08.10.32:604][688]LogModuleManager: Shutting down and abandoning module PropertyEditor (35)
[2017.10.29-08.10.32:604][688]LogModuleManager: Shutting down and abandoning module AudioEditor (32)
[2017.10.29-08.10.32:604][688]LogModuleManager: Shutting down and abandoning module TextureCompressor (30)
[2017.10.29-08.10.32:604][688]LogModuleManager: Shutting down and abandoning module ShaderCore (28)
[2017.10.29-08.10.32:604][688]LogModuleManager: Shutting down and abandoning module Landscape (26)
[2017.10.29-08.10.32:604][688]LogModuleManager: Shutting down and abandoning module SlateRHIRenderer (24)
[2017.10.29-08.10.32:606][688]LogModuleManager: Shutting down and abandoning module OpenGLDrv (22)
[2017.10.29-08.10.32:606][688]LogModuleManager: Shutting down and abandoning module D3D11RHI (20)
[2017.10.29-08.10.32:606][688]LogModuleManager: Shutting down and abandoning module AnimGraphRuntime (18)
[2017.10.29-08.10.32:606][688]LogModuleManager: Shutting down and abandoning module Renderer (16)
[2017.10.29-08.10.32:606][688]LogModuleManager: Shutting down and abandoning module Engine (14)
[2017.10.29-08.10.32:606][688]LogModuleManager: Shutting down and abandoning module CoreUObject (12)
[2017.10.29-08.10.32:606][688]LogModuleManager: Shutting down and abandoning module NetworkFile (10)
[2017.10.29-08.10.32:606][688]LogModuleManager: Shutting down and abandoning module CookedIterativeFile (8)
[2017.10.29-08.10.32:606][688]LogModuleManager: Shutting down and abandoning module StreamingFile (6)
[2017.10.29-08.10.32:606][688]LogModuleManager: Shutting down and abandoning module SandboxFile (4)
[2017.10.29-08.10.32:606][688]LogModuleManager: Shutting down and abandoning module PakFile (2)
[2017.10.29-08.10.32:609][688]LogExit: Exiting.
[2017.10.29-08.10.32:617][688]Log file closed, 10/29/17 16:10:32
